<?xml version="1.0" encoding="UTF-8"?>
<!-- Generated by org.testng.reporters.JUnitXMLReporter -->
<testsuite ignored="0" hostname="DESKTOP-1IU5JRQ" failures="1" tests="1" name="Test" time="24.177" errors="0" timestamp="2024-04-12T17:19:21 IST">
  <testcase classname="org.objectrepositary.LoginTest" name="login" time="23.792">
    <failure type="org.openqa.selenium.ElementClickInterceptedException" message="element click intercepted: Element &amp;lt;button _ngcontent-qda-c65=&amp;quot;&amp;quot; mat-icon-button=&amp;quot;&amp;quot; color=&amp;quot;warn&amp;quot; class=&amp;quot;mdc-icon-button mat-mdc-icon-button mat-warn mat-mdc-button-base&amp;quot; ng-reflect-color=&amp;quot;warn&amp;quot; ng-reflect-disabled=&amp;quot;false&amp;quot;&amp;gt;...&amp;lt;/button&amp;gt; is not clickable at point (762, 9). Other element would receive the click: &amp;lt;mat-toolbar-row _ngcontent-qda-c22=&amp;quot;&amp;quot; class=&amp;quot;mat-toolbar-row justify-content-between&amp;quot;&amp;gt;...&amp;lt;/mat-toolbar-row&amp;gt;
  (Session info: chrome=123.0.6312.107)
Build info: version: &amp;apos;4.18.1&amp;apos;, revision: &amp;apos;b1d3319b48&amp;apos;
System info: os.name: &amp;apos;Windows 10&amp;apos;, os.arch: &amp;apos;amd64&amp;apos;, os.version: &amp;apos;10.0&amp;apos;, java.version: &amp;apos;17.0.10&amp;apos;
Driver info: org.openqa.selenium.chrome.ChromeDriver
Command: [7cbce88b0df57727023c059168f4bd35, clickElement {id=f.AB5E9F925FE27BC3850CA0708F1B25FF.d.41F4A9913CF45684F798A9121BD0C643.e.211}]
Capabilities {acceptInsecureCerts: false, browserName: chrome, browserVersion: 123.0.6312.107, chrome: {chromedriverVersion: 123.0.6312.122 (31f8248cdd9..., userDataDir: C:\Users\SUCHEE~1\AppData\L...}, fedcm:accounts: true, goog:chromeOptions: {debuggerAddress: localhost:53096}, networkConnectionEnabled: false, pageLoadStrategy: normal, platformName: windows, proxy: Proxy(), se:cdp: ws://localhost:53096/devtoo..., se:cdpVersion: 123.0.6312.107, setWindowRect: true, strictFileInteractability: false, timeouts: {implicit: 0, pageLoad: 300000, script: 30000}, unhandledPromptBehavior: dismiss and notify, webauthn:extension:credBlob: true, webauthn:extension:largeBlob: true, webauthn:extension:minPinLength: true, webauthn:extension:prf: true, webauthn:virtualAuthenticators: true}
Element: [[ChromeDriver: chrome on windows (7cbce88b0df57727023c059168f4bd35)] -&amp;gt; xpath: //body[1]/app-root[1]/div[1]/app-shoppingcart[1]/mat-card[1]/mat-card-content[1]/table[1]/tbody[1]/tr[1]/td[4]/div[1]/div[1]/button[1]]
Session ID: 7cbce88b0df57727023c059168f4bd35">
      <![CDATA[org.openqa.selenium.ElementClickInterceptedException: element click intercepted: Element <button _ngcontent-qda-c65="" mat-icon-button="" color="warn" class="mdc-icon-button mat-mdc-icon-button mat-warn mat-mdc-button-base" ng-reflect-color="warn" ng-reflect-disabled="false">...</button> is not clickable at point (762, 9). Other element would receive the click: <mat-toolbar-row _ngcontent-qda-c22="" class="mat-toolbar-row justify-content-between">...</mat-toolbar-row>
  (Session info: chrome=123.0.6312.107)
Build info: version: '4.18.1', revision: 'b1d3319b48'
System info: os.name: 'Windows 10', os.arch: 'amd64', os.version: '10.0', java.version: '17.0.10'
Driver info: org.openqa.selenium.chrome.ChromeDriver
Command: [7cbce88b0df57727023c059168f4bd35, clickElement {id=f.AB5E9F925FE27BC3850CA0708F1B25FF.d.41F4A9913CF45684F798A9121BD0C643.e.211}]
Capabilities {acceptInsecureCerts: false, browserName: chrome, browserVersion: 123.0.6312.107, chrome: {chromedriverVersion: 123.0.6312.122 (31f8248cdd9..., userDataDir: C:\Users\SUCHEE~1\AppData\L...}, fedcm:accounts: true, goog:chromeOptions: {debuggerAddress: localhost:53096}, networkConnectionEnabled: false, pageLoadStrategy: normal, platformName: windows, proxy: Proxy(), se:cdp: ws://localhost:53096/devtoo..., se:cdpVersion: 123.0.6312.107, setWindowRect: true, strictFileInteractability: false, timeouts: {implicit: 0, pageLoad: 300000, script: 30000}, unhandledPromptBehavior: dismiss and notify, webauthn:extension:credBlob: true, webauthn:extension:largeBlob: true, webauthn:extension:minPinLength: true, webauthn:extension:prf: true, webauthn:virtualAuthenticators: true}
Element: [[ChromeDriver: chrome on windows (7cbce88b0df57727023c059168f4bd35)] -> xpath: //body[1]/app-root[1]/div[1]/app-shoppingcart[1]/mat-card[1]/mat-card-content[1]/table[1]/tbody[1]/tr[1]/td[4]/div[1]/div[1]/button[1]]
Session ID: 7cbce88b0df57727023c059168f4bd35
at org.openqa.selenium.remote.ErrorCodec.decode(ErrorCodec.java:167)
at org.openqa.selenium.remote.codec.w3c.W3CHttpResponseCodec.decode(W3CHttpResponseCodec.java:138)
at org.openqa.selenium.remote.codec.w3c.W3CHttpResponseCodec.decode(W3CHttpResponseCodec.java:50)
at org.openqa.selenium.remote.HttpCommandExecutor.execute(HttpCommandExecutor.java:190)
at org.openqa.selenium.remote.service.DriverCommandExecutor.invokeExecute(DriverCommandExecutor.java:216)
at org.openqa.selenium.remote.service.DriverCommandExecutor.execute(DriverCommandExecutor.java:174)
at org.openqa.selenium.remote.RemoteWebDriver.execute(RemoteWebDriver.java:519)
at org.openqa.selenium.remote.RemoteWebElement.execute(RemoteWebElement.java:223)
at org.openqa.selenium.remote.RemoteWebElement.click(RemoteWebElement.java:76)
at org.openqa.selenium.support.pagefactory.internal.LocatingElementHandler.invoke(LocatingElementHandler.java:51)
at jdk.proxy2/jdk.proxy2.$Proxy11.click(Unknown Source)
at org.objectrepositary.LoginTest.login(LoginTest.java:54)
at java.base/java.util.ArrayList.forEach(ArrayList.java:1511)
... Removed 36 stack frames]]>
    </failure>
  </testcase> <!-- login -->
</testsuite> <!-- Test -->
